<?xml version="1.0" encoding="UTF-8"?>
<coverage generated="1730213119479" clover="3.2.0">
  <project timestamp="1730213119479" name="All files">
    <metrics statements="117" coveredstatements="46" conditionals="47" coveredconditionals="5" methods="32" coveredmethods="6" elements="196" coveredelements="57" complexity="0" loc="117" ncloc="117" packages="8" files="9" classes="9"/>
    <package name="app._controllers.rider">
      <metrics statements="25" coveredstatements="6" conditionals="9" coveredconditionals="0" methods="2" coveredmethods="0"/>
      <file name="index.ts" path="/Users/derek/codebase/acs-next-api/app/_controllers/rider/index.ts">
        <metrics statements="25" coveredstatements="6" conditionals="9" coveredconditionals="0" methods="2" coveredmethods="0"/>
        <line num="1" count="2" type="stmt"/>
        <line num="2" count="2" type="stmt"/>
        <line num="4" count="2" type="stmt"/>
        <line num="5" count="2" type="stmt"/>
        <line num="8" count="2" type="stmt"/>
        <line num="11" count="0" type="stmt"/>
        <line num="12" count="0" type="stmt"/>
        <line num="14" count="0" type="stmt"/>
        <line num="21" count="0" type="stmt"/>
        <line num="22" count="0" type="stmt"/>
        <line num="23" count="0" type="stmt"/>
        <line num="25" count="0" type="stmt"/>
        <line num="27" count="0" type="stmt"/>
        <line num="34" count="2" type="stmt"/>
        <line num="37" count="0" type="stmt"/>
        <line num="38" count="0" type="stmt"/>
        <line num="39" count="0" type="stmt"/>
        <line num="41" count="0" type="stmt"/>
        <line num="42" count="0" type="stmt"/>
        <line num="43" count="0" type="stmt"/>
        <line num="45" count="0" type="cond" truecount="0" falsecount="1"/>
        <line num="46" count="0" type="stmt"/>
        <line num="49" count="0" type="stmt"/>
        <line num="51" count="0" type="stmt"/>
        <line num="52" count="0" type="stmt"/>
      </file>
    </package>
    <package name="app._daos.rider">
      <metrics statements="28" coveredstatements="2" conditionals="3" coveredconditionals="0" methods="10" coveredmethods="0"/>
      <file name="index.ts" path="/Users/derek/codebase/acs-next-api/app/_daos/rider/index.ts">
        <metrics statements="28" coveredstatements="2" conditionals="3" coveredconditionals="0" methods="10" coveredmethods="0"/>
        <line num="9" count="2" type="stmt"/>
        <line num="11" count="0" type="stmt"/>
        <line num="14" count="0" type="stmt"/>
        <line num="21" count="0" type="stmt"/>
        <line num="22" count="0" type="stmt"/>
        <line num="23" count="0" type="stmt"/>
        <line num="28" count="0" type="stmt"/>
        <line num="29" count="0" type="stmt"/>
        <line num="38" count="2" type="stmt"/>
        <line num="39" count="0" type="stmt"/>
        <line num="41" count="0" type="stmt"/>
        <line num="42" count="0" type="stmt"/>
        <line num="43" count="0" type="stmt"/>
        <line num="45" count="0" type="cond" truecount="0" falsecount="3"/>
        <line num="46" count="0" type="stmt"/>
        <line num="47" count="0" type="stmt"/>
        <line num="51" count="0" type="stmt"/>
        <line num="56" count="0" type="stmt"/>
        <line num="57" count="0" type="stmt"/>
        <line num="75" count="0" type="stmt"/>
        <line num="76" count="0" type="stmt"/>
        <line num="78" count="0" type="stmt"/>
        <line num="79" count="0" type="stmt"/>
        <line num="85" count="0" type="stmt"/>
        <line num="86" count="0" type="stmt"/>
        <line num="104" count="0" type="stmt"/>
        <line num="106" count="0" type="stmt"/>
        <line num="107" count="0" type="stmt"/>
      </file>
    </package>
    <package name="app._interfaces">
      <metrics statements="8" coveredstatements="2" conditionals="0" coveredconditionals="0" methods="7" coveredmethods="1"/>
      <file name="IDatabaseClient.ts" path="/Users/derek/codebase/acs-next-api/app/_interfaces/IDatabaseClient.ts">
        <metrics statements="8" coveredstatements="2" conditionals="0" coveredconditionals="0" methods="7" coveredmethods="1"/>
        <line num="10" count="2" type="stmt"/>
        <line num="11" count="2" type="stmt"/>
        <line num="14" count="0" type="stmt"/>
        <line num="16" count="0" type="stmt"/>
        <line num="18" count="0" type="stmt"/>
        <line num="23" count="0" type="stmt"/>
        <line num="25" count="0" type="stmt"/>
        <line num="26" count="0" type="stmt"/>
      </file>
    </package>
    <package name="app._middleware">
      <metrics statements="9" coveredstatements="8" conditionals="3" coveredconditionals="2" methods="1" coveredmethods="1"/>
      <file name="cors.ts" path="/Users/derek/codebase/acs-next-api/app/_middleware/cors.ts">
        <metrics statements="9" coveredstatements="8" conditionals="3" coveredconditionals="2" methods="1" coveredmethods="1"/>
        <line num="1" count="2" type="cond" truecount="2" falsecount="0"/>
        <line num="3" count="2" type="stmt"/>
        <line num="4" count="5" type="stmt"/>
        <line num="5" count="5" type="stmt"/>
        <line num="6" count="5" type="stmt"/>
        <line num="7" count="5" type="stmt"/>
        <line num="10" count="5" type="cond" truecount="0" falsecount="1"/>
        <line num="11" count="0" type="stmt"/>
        <line num="14" count="5" type="stmt"/>
      </file>
    </package>
    <package name="app._services.rider">
      <metrics statements="19" coveredstatements="2" conditionals="27" coveredconditionals="0" methods="8" coveredmethods="0"/>
      <file name="index.ts" path="/Users/derek/codebase/acs-next-api/app/_services/rider/index.ts">
        <metrics statements="19" coveredstatements="2" conditionals="27" coveredconditionals="0" methods="8" coveredmethods="0"/>
        <line num="10" count="2" type="stmt"/>
        <line num="12" count="0" type="stmt"/>
        <line num="13" count="0" type="stmt"/>
        <line num="17" count="2" type="stmt"/>
        <line num="18" count="0" type="stmt"/>
        <line num="19" count="0" type="stmt"/>
        <line num="31" count="0" type="cond" truecount="0" falsecount="2"/>
        <line num="32" count="0" type="cond" truecount="0" falsecount="8"/>
        <line num="33" count="0" type="stmt"/>
        <line num="54" count="0" type="stmt"/>
        <line num="59" count="0" type="stmt"/>
        <line num="60" count="0" type="stmt"/>
        <line num="66" count="0" type="stmt"/>
        <line num="67" count="0" type="stmt"/>
        <line num="71" count="0" type="stmt"/>
        <line num="72" count="0" type="cond" truecount="0" falsecount="1"/>
        <line num="73" count="0" type="stmt"/>
        <line num="75" count="0" type="stmt"/>
        <line num="76" count="0" type="stmt"/>
      </file>
    </package>
    <package name="app.api.rider">
      <metrics statements="12" coveredstatements="11" conditionals="1" coveredconditionals="0" methods="2" coveredmethods="2"/>
      <file name="mock-data.ts" path="/Users/derek/codebase/acs-next-api/app/api/rider/mock-data.ts">
        <metrics statements="3" coveredstatements="3" conditionals="0" coveredconditionals="0" methods="0" coveredmethods="0"/>
        <line num="3" count="2" type="stmt"/>
        <line num="36" count="2" type="stmt"/>
        <line num="51" count="2" type="stmt"/>
      </file>
      <file name="route.ts" path="/Users/derek/codebase/acs-next-api/app/api/rider/route.ts">
        <metrics statements="9" coveredstatements="8" conditionals="1" coveredconditionals="0" methods="2" coveredmethods="2"/>
        <line num="2" count="1" type="stmt"/>
        <line num="3" count="1" type="stmt"/>
        <line num="5" count="1" type="stmt"/>
        <line num="6" count="2" type="stmt"/>
        <line num="8" count="2" type="cond" truecount="0" falsecount="1"/>
        <line num="9" count="0" type="stmt"/>
        <line num="12" count="2" type="stmt"/>
        <line num="13" count="6" type="stmt"/>
        <line num="15" count="2" type="stmt"/>
      </file>
    </package>
    <package name="app.api.rider.[id]">
      <metrics statements="9" coveredstatements="8" conditionals="1" coveredconditionals="0" methods="2" coveredmethods="2"/>
      <file name="route.ts" path="/Users/derek/codebase/acs-next-api/app/api/rider/[id]/route.ts">
        <metrics statements="9" coveredstatements="8" conditionals="1" coveredconditionals="0" methods="2" coveredmethods="2"/>
        <line num="1" count="1" type="stmt"/>
        <line num="2" count="1" type="stmt"/>
        <line num="11" count="1" type="stmt"/>
        <line num="15" count="3" type="stmt"/>
        <line num="17" count="3" type="cond" truecount="0" falsecount="1"/>
        <line num="18" count="0" type="stmt"/>
        <line num="21" count="3" type="stmt"/>
        <line num="22" count="9" type="stmt"/>
        <line num="24" count="3" type="stmt"/>
      </file>
    </package>
    <package name="prisma">
      <metrics statements="7" coveredstatements="7" conditionals="3" coveredconditionals="3" methods="0" coveredmethods="0"/>
      <file name="client.ts" path="/Users/derek/codebase/acs-next-api/prisma/client.ts">
        <metrics statements="7" coveredstatements="7" conditionals="3" coveredconditionals="3" methods="0" coveredmethods="0"/>
        <line num="1" count="2" type="stmt"/>
        <line num="2" count="2" type="stmt"/>
        <line num="5" count="2" type="cond" truecount="2" falsecount="0"/>
        <line num="7" count="2" type="cond" truecount="1" falsecount="0"/>
        <line num="8" count="2" type="stmt"/>
        <line num="12" count="2" type="stmt"/>
        <line num="14" count="2" type="stmt"/>
      </file>
    </package>
  </project>
</coverage>
