{"/Users/derek/codebase/acs-next-api/app/_controllers/rider/index.ts": {"path":"/Users/derek/codebase/acs-next-api/app/_controllers/rider/index.ts","statementMap":{"0":{"start":{"line":8,"column":0},"end":{"line":8,"column":22}},"1":{"start":{"line":34,"column":0},"end":{"line":34,"column":22}},"2":{"start":{"line":1,"column":0},"end":{"line":1,"column":41}},"3":{"start":{"line":2,"column":0},"end":{"line":2,"column":49}},"4":{"start":{"line":4,"column":0},"end":{"line":4,"column":56}},"5":{"start":{"line":5,"column":0},"end":{"line":5,"column":45}},"6":{"start":{"line":11,"column":2},"end":{"line":31,"column":3}},"7":{"start":{"line":12,"column":16},"end":{"line":12,"column":55}},"8":{"start":{"line":14,"column":37},"end":{"line":19,"column":6}},"9":{"start":{"line":21,"column":21},"end":{"line":21,"column":55}},"10":{"start":{"line":22,"column":25},"end":{"line":22,"column":51}},"11":{"start":{"line":23,"column":19},"end":{"line":23,"column":55}},"12":{"start":{"line":25,"column":4},"end":{"line":25,"column":54}},"13":{"start":{"line":27,"column":4},"end":{"line":30,"column":6}},"14":{"start":{"line":37,"column":2},"end":{"line":56,"column":3}},"15":{"start":{"line":38,"column":23},"end":{"line":38,"column":30}},"16":{"start":{"line":39,"column":19},"end":{"line":39,"column":31}},"17":{"start":{"line":41,"column":21},"end":{"line":41,"column":55}},"18":{"start":{"line":42,"column":25},"end":{"line":42,"column":51}},"19":{"start":{"line":43,"column":18},"end":{"line":43,"column":61}},"20":{"start":{"line":45,"column":4},"end":{"line":47,"column":5}},"21":{"start":{"line":46,"column":6},"end":{"line":46,"column":78}},"22":{"start":{"line":49,"column":4},"end":{"line":49,"column":53}},"23":{"start":{"line":51,"column":4},"end":{"line":51,"column":50}},"24":{"start":{"line":52,"column":4},"end":{"line":55,"column":6}}},"fnMap":{"0":{"name":"getMultipleRiders","decl":{"start":{"line":8,"column":22},"end":{"line":8,"column":39}},"loc":{"start":{"line":9,"column":22},"end":{"line":32,"column":null}}},"1":{"name":"getRiderById","decl":{"start":{"line":34,"column":22},"end":{"line":34,"column":34}},"loc":{"start":{"line":35,"column":34},"end":{"line":57,"column":null}}}},"branchMap":{"0":{"loc":{"start":{"line":15,"column":16},"end":{"line":15,"column":69}},"type":"binary-expr","locations":[{"start":{"line":15,"column":16},"end":{"line":15,"column":56}},{"start":{"line":15,"column":60},"end":{"line":15,"column":69}}]},"1":{"loc":{"start":{"line":16,"column":15},"end":{"line":16,"column":71}},"type":"binary-expr","locations":[{"start":{"line":16,"column":15},"end":{"line":16,"column":58}},{"start":{"line":16,"column":62},"end":{"line":16,"column":71}}]},"2":{"loc":{"start":{"line":17,"column":12},"end":{"line":17,"column":65}},"type":"binary-expr","locations":[{"start":{"line":17,"column":12},"end":{"line":17,"column":52}},{"start":{"line":17,"column":56},"end":{"line":17,"column":65}}]},"3":{"loc":{"start":{"line":18,"column":11},"end":{"line":18,"column":55}},"type":"cond-expr","locations":[{"start":{"line":18,"column":17},"end":{"line":18,"column":43}},{"start":{"line":18,"column":46},"end":{"line":18,"column":55}}]},"4":{"loc":{"start":{"line":45,"column":4},"end":{"line":47,"column":5}},"type":"if","locations":[{"start":{"line":45,"column":4},"end":{"line":47,"column":5}}]}},"s":{"0":2,"1":2,"2":2,"3":2,"4":2,"5":2,"6":0,"7":0,"8":0,"9":0,"10":0,"11":0,"12":0,"13":0,"14":0,"15":0,"16":0,"17":0,"18":0,"19":0,"20":0,"21":0,"22":0,"23":0,"24":0},"f":{"0":0,"1":0},"b":{"0":[0,0],"1":[0,0],"2":[0,0],"3":[0,0],"4":[0]}}
,"/Users/derek/codebase/acs-next-api/app/_daos/rider/index.ts": {"path":"/Users/derek/codebase/acs-next-api/app/_daos/rider/index.ts","statementMap":{"0":{"start":{"line":11,"column":22},"end":{"line":11,"column":49}},"1":{"start":{"line":14,"column":2},"end":{"line":35,"column":4}},"2":{"start":{"line":21,"column":19},"end":{"line":21,"column":38}},"3":{"start":{"line":22,"column":17},"end":{"line":22,"column":37}},"4":{"start":{"line":23,"column":29},"end":{"line":27,"column":6}},"5":{"start":{"line":28,"column":27},"end":{"line":28,"column":47}},"6":{"start":{"line":29,"column":21},"end":{"line":34,"column":6}},"7":{"start":{"line":56,"column":4},"end":{"line":80,"column":5}},"8":{"start":{"line":57,"column":22},"end":{"line":74,"column":8}},"9":{"start":{"line":75,"column":6},"end":{"line":75,"column":63}},"10":{"start":{"line":76,"column":6},"end":{"line":76,"column":20}},"11":{"start":{"line":78,"column":6},"end":{"line":78,"column":52}},"12":{"start":{"line":79,"column":6},"end":{"line":79,"column":46}},"13":{"start":{"line":85,"column":4},"end":{"line":108,"column":5}},"14":{"start":{"line":86,"column":21},"end":{"line":103,"column":8}},"15":{"start":{"line":104,"column":6},"end":{"line":104,"column":19}},"16":{"start":{"line":106,"column":6},"end":{"line":106,"column":52}},"17":{"start":{"line":107,"column":6},"end":{"line":107,"column":46}},"18":{"start":{"line":38,"column":20},"end":{"line":52,"column":null}},"19":{"start":{"line":39,"column":41},"end":{"line":39,"column":43}},"20":{"start":{"line":41,"column":4},"end":{"line":49,"column":7}},"21":{"start":{"line":42,"column":23},"end":{"line":42,"column":52}},"22":{"start":{"line":43,"column":22},"end":{"line":43,"column":52}},"23":{"start":{"line":45,"column":6},"end":{"line":48,"column":7}},"24":{"start":{"line":46,"column":32},"end":{"line":46,"column":55}},"25":{"start":{"line":47,"column":8},"end":{"line":47,"column":52}},"26":{"start":{"line":51,"column":4},"end":{"line":51,"column":23}},"27":{"start":{"line":9,"column":21},"end":{"line":9,"column":null}}},"fnMap":{"0":{"name":"(anonymous_8)","decl":{"start":{"line":11,"column":2},"end":{"line":11,"column":22}},"loc":{"start":{"line":11,"column":49},"end":{"line":11,"column":53}}},"1":{"name":"(anonymous_9)","decl":{"start":{"line":21,"column":9},"end":{"line":21,"column":10}},"loc":{"start":{"line":21,"column":19},"end":{"line":21,"column":38}}},"2":{"name":"(anonymous_10)","decl":{"start":{"line":22,"column":8},"end":{"line":22,"column":9}},"loc":{"start":{"line":22,"column":17},"end":{"line":22,"column":37}}},"3":{"name":"(anonymous_11)","decl":{"start":{"line":23,"column":14},"end":{"line":23,"column":15}},"loc":{"start":{"line":23,"column":29},"end":{"line":27,"column":6}}},"4":{"name":"(anonymous_12)","decl":{"start":{"line":28,"column":13},"end":{"line":28,"column":14}},"loc":{"start":{"line":28,"column":27},"end":{"line":28,"column":47}}},"5":{"name":"(anonymous_13)","decl":{"start":{"line":29,"column":10},"end":{"line":29,"column":11}},"loc":{"start":{"line":29,"column":21},"end":{"line":34,"column":6}}},"6":{"name":"(anonymous_14)","decl":{"start":{"line":55,"column":8},"end":{"line":55,"column":17}},"loc":{"start":{"line":55,"column":42},"end":{"line":81,"column":null}}},"7":{"name":"(anonymous_16)","decl":{"start":{"line":84,"column":8},"end":{"line":84,"column":20}},"loc":{"start":{"line":84,"column":31},"end":{"line":109,"column":null}}},"8":{"name":"_RiderDAO_buildWhereClause","decl":{"start":{"line":38,"column":20},"end":{"line":38,"column":44}},"loc":{"start":{"line":38,"column":44},"end":{"line":52,"column":3}}},"9":{"name":"(anonymous_19)","decl":{"start":{"line":41,"column":35},"end":{"line":41,"column":36}},"loc":{"start":{"line":41,"column":52},"end":{"line":49,"column":5}}}},"branchMap":{"0":{"loc":{"start":{"line":45,"column":6},"end":{"line":48,"column":7}},"type":"if","locations":[{"start":{"line":45,"column":6},"end":{"line":48,"column":7}}]},"1":{"loc":{"start":{"line":45,"column":10},"end":{"line":45,"column":40}},"type":"binary-expr","locations":[{"start":{"line":45,"column":10},"end":{"line":45,"column":17}},{"start":{"line":45,"column":21},"end":{"line":45,"column":40}}]}},"s":{"0":0,"1":0,"2":0,"3":0,"4":0,"5":0,"6":0,"7":0,"8":0,"9":0,"10":0,"11":0,"12":0,"13":0,"14":0,"15":0,"16":0,"17":0,"18":2,"19":0,"20":0,"21":0,"22":0,"23":0,"24":0,"25":0,"26":0,"27":2},"f":{"0":0,"1":0,"2":0,"3":0,"4":0,"5":0,"6":0,"7":0,"8":0,"9":0},"b":{"0":[0],"1":[0,0]}}
,"/Users/derek/codebase/acs-next-api/app/_interfaces/IDatabaseClient.ts": {"path":"/Users/derek/codebase/acs-next-api/app/_interfaces/IDatabaseClient.ts","statementMap":{"0":{"start":{"line":11,"column":22},"end":{"line":11,"column":42}},"1":{"start":{"line":14,"column":4},"end":{"line":19,"column":6}},"2":{"start":{"line":16,"column":8},"end":{"line":16,"column":40}},"3":{"start":{"line":18,"column":8},"end":{"line":18,"column":42}},"4":{"start":{"line":23,"column":4},"end":{"line":27,"column":6}},"5":{"start":{"line":25,"column":8},"end":{"line":25,"column":41}},"6":{"start":{"line":26,"column":47},"end":{"line":26,"column":77}},"7":{"start":{"line":10,"column":0},"end":{"line":10,"column":13}}},"fnMap":{"0":{"name":"(anonymous_0)","decl":{"start":{"line":11,"column":2},"end":{"line":11,"column":22}},"loc":{"start":{"line":11,"column":42},"end":{"line":11,"column":46}}},"1":{"name":"(anonymous_1)","decl":{"start":{"line":13,"column":2},"end":{"line":13,"column":6}},"loc":{"start":{"line":13,"column":11},"end":{"line":20,"column":3}}},"2":{"name":"(anonymous_2)","decl":{"start":{"line":15,"column":16},"end":{"line":15,"column":17}},"loc":{"start":{"line":16,"column":8},"end":{"line":16,"column":40}}},"3":{"name":"(anonymous_3)","decl":{"start":{"line":17,"column":18},"end":{"line":17,"column":19}},"loc":{"start":{"line":18,"column":8},"end":{"line":18,"column":42}}},"4":{"name":"(anonymous_4)","decl":{"start":{"line":22,"column":2},"end":{"line":22,"column":6}},"loc":{"start":{"line":22,"column":12},"end":{"line":28,"column":3}}},"5":{"name":"(anonymous_5)","decl":{"start":{"line":24,"column":16},"end":{"line":24,"column":17}},"loc":{"start":{"line":25,"column":8},"end":{"line":25,"column":41}}},"6":{"name":"(anonymous_6)","decl":{"start":{"line":26,"column":13},"end":{"line":26,"column":14}},"loc":{"start":{"line":26,"column":47},"end":{"line":26,"column":77}}}},"branchMap":{},"s":{"0":2,"1":0,"2":0,"3":0,"4":0,"5":0,"6":0,"7":2},"f":{"0":2,"1":0,"2":0,"3":0,"4":0,"5":0,"6":0},"b":{}}
,"/Users/derek/codebase/acs-next-api/app/_middleware/cors.ts": {"path":"/Users/derek/codebase/acs-next-api/app/_middleware/cors.ts","statementMap":{"0":{"start":{"line":3,"column":0},"end":{"line":3,"column":24}},"1":{"start":{"line":1,"column":24},"end":{"line":1,"column":58}},"2":{"start":{"line":4,"column":18},"end":{"line":4,"column":31}},"3":{"start":{"line":5,"column":2},"end":{"line":5,"column":62}},"4":{"start":{"line":6,"column":2},"end":{"line":6,"column":68}},"5":{"start":{"line":7,"column":2},"end":{"line":7,"column":62}},"6":{"start":{"line":10,"column":2},"end":{"line":12,"column":3}},"7":{"start":{"line":11,"column":4},"end":{"line":11,"column":56}},"8":{"start":{"line":14,"column":2},"end":{"line":14,"column":17}}},"fnMap":{"0":{"name":"corsMiddleware","decl":{"start":{"line":3,"column":24},"end":{"line":3,"column":38}},"loc":{"start":{"line":3,"column":51},"end":{"line":15,"column":1}}}},"branchMap":{"0":{"loc":{"start":{"line":1,"column":24},"end":{"line":1,"column":58}},"type":"binary-expr","locations":[{"start":{"line":1,"column":24},"end":{"line":1,"column":51}},{"start":{"line":1,"column":55},"end":{"line":1,"column":58}}]},"1":{"loc":{"start":{"line":10,"column":2},"end":{"line":12,"column":3}},"type":"if","locations":[{"start":{"line":10,"column":2},"end":{"line":12,"column":3}}]}},"s":{"0":2,"1":2,"2":5,"3":5,"4":5,"5":5,"6":5,"7":0,"8":5},"f":{"0":5},"b":{"0":[2,1],"1":[0]}}
,"/Users/derek/codebase/acs-next-api/app/_services/rider/index.ts": {"path":"/Users/derek/codebase/acs-next-api/app/_services/rider/index.ts","statementMap":{"0":{"start":{"line":12,"column":22},"end":{"line":12,"column":40}},"1":{"start":{"line":13,"column":4},"end":{"line":13,"column":29}},"2":{"start":{"line":66,"column":31},"end":{"line":66,"column":68}},"3":{"start":{"line":67,"column":4},"end":{"line":67,"column":35}},"4":{"start":{"line":71,"column":35},"end":{"line":71,"column":71}},"5":{"start":{"line":72,"column":4},"end":{"line":74,"column":5}},"6":{"start":{"line":73,"column":6},"end":{"line":73,"column":18}},"7":{"start":{"line":75,"column":4},"end":{"line":75,"column":37}},"8":{"start":{"line":76,"column":4},"end":{"line":76,"column":35}},"9":{"start":{"line":17,"column":18},"end":{"line":62,"column":null}},"10":{"start":{"line":18,"column":4},"end":{"line":26,"column":7}},"11":{"start":{"line":19,"column":6},"end":{"line":25,"column":8}},"12":{"start":{"line":31,"column":27},"end":{"line":31,"column":74}},"13":{"start":{"line":32,"column":24},"end":{"line":32,"column":71}},"14":{"start":{"line":33,"column":29},"end":{"line":53,"column":6}},"15":{"start":{"line":54,"column":4},"end":{"line":54,"column":20}},"16":{"start":{"line":59,"column":4},"end":{"line":61,"column":7}},"17":{"start":{"line":60,"column":6},"end":{"line":60,"column":37}},"18":{"start":{"line":10,"column":21},"end":{"line":10,"column":null}}},"fnMap":{"0":{"name":"(anonymous_8)","decl":{"start":{"line":12,"column":2},"end":{"line":12,"column":22}},"loc":{"start":{"line":12,"column":40},"end":{"line":14,"column":3}}},"1":{"name":"(anonymous_9)","decl":{"start":{"line":65,"column":8},"end":{"line":65,"column":17}},"loc":{"start":{"line":65,"column":42},"end":{"line":68,"column":null}}},"2":{"name":"(anonymous_11)","decl":{"start":{"line":70,"column":8},"end":{"line":70,"column":20}},"loc":{"start":{"line":70,"column":31},"end":{"line":77,"column":null}}},"3":{"name":"_RiderService_buildRiderTeam","decl":{"start":{"line":17,"column":18},"end":{"line":17,"column":43}},"loc":{"start":{"line":17,"column":43},"end":{"line":27,"column":3}}},"4":{"name":"(anonymous_14)","decl":{"start":{"line":18,"column":21},"end":{"line":18,"column":22}},"loc":{"start":{"line":18,"column":47},"end":{"line":26,"column":5}}},"5":{"name":"_RiderService_buildRider","decl":{"start":{"line":27,"column":3},"end":{"line":27,"column":null}},"loc":{"start":{"line":30,"column":29},"end":{"line":55,"column":3}}},"6":{"name":"_RiderService_mapRiders","decl":{"start":{"line":55,"column":3},"end":{"line":55,"column":null}},"loc":{"start":{"line":58,"column":31},"end":{"line":62,"column":3}}},"7":{"name":"(anonymous_17)","decl":{"start":{"line":59,"column":22},"end":{"line":59,"column":23}},"loc":{"start":{"line":59,"column":42},"end":{"line":61,"column":5}}}},"branchMap":{"0":{"loc":{"start":{"line":72,"column":4},"end":{"line":74,"column":5}},"type":"if","locations":[{"start":{"line":72,"column":4},"end":{"line":74,"column":5}}]},"1":{"loc":{"start":{"line":23,"column":13},"end":{"line":23,"column":31}},"type":"binary-expr","locations":[{"start":{"line":23,"column":13},"end":{"line":23,"column":25}},{"start":{"line":23,"column":29},"end":{"line":23,"column":31}}]},"2":{"loc":{"start":{"line":24,"column":21},"end":{"line":24,"column":47}},"type":"binary-expr","locations":[{"start":{"line":24,"column":21},"end":{"line":24,"column":41}},{"start":{"line":24,"column":45},"end":{"line":24,"column":47}}]},"3":{"loc":{"start":{"line":31,"column":48},"end":{"line":31,"column":73}},"type":"binary-expr","locations":[{"start":{"line":31,"column":48},"end":{"line":31,"column":67}},{"start":{"line":31,"column":71},"end":{"line":31,"column":73}}]},"4":{"loc":{"start":{"line":32,"column":24},"end":{"line":32,"column":71}},"type":"cond-expr","locations":[{"start":{"line":32,"column":52},"end":{"line":32,"column":66}},{"start":{"line":32,"column":69},"end":{"line":32,"column":71}}]},"5":{"loc":{"start":{"line":32,"column":24},"end":{"line":32,"column":49}},"type":"binary-expr","locations":[{"start":{"line":32,"column":24},"end":{"line":32,"column":29}},{"start":{"line":32,"column":33},"end":{"line":32,"column":49}}]},"6":{"loc":{"start":{"line":32,"column":52},"end":{"line":32,"column":66}},"type":"cond-expr","locations":[{"start":{"line":32,"column":60},"end":{"line":32,"column":62}},{"start":{"line":32,"column":60},"end":{"line":32,"column":66}}]},"7":{"loc":{"start":{"line":32,"column":52},"end":{"line":32,"column":62}},"type":"binary-expr","locations":[{"start":{"line":32,"column":52},"end":{"line":32,"column":62}},{"start":{"line":32,"column":60},"end":{"line":32,"column":62}}]},"8":{"loc":{"start":{"line":37,"column":15},"end":{"line":37,"column":36}},"type":"binary-expr","locations":[{"start":{"line":37,"column":15},"end":{"line":37,"column":30}},{"start":{"line":37,"column":34},"end":{"line":37,"column":36}}]},"9":{"loc":{"start":{"line":38,"column":14},"end":{"line":38,"column":34}},"type":"binary-expr","locations":[{"start":{"line":38,"column":14},"end":{"line":38,"column":28}},{"start":{"line":38,"column":32},"end":{"line":38,"column":34}}]},"10":{"loc":{"start":{"line":42,"column":16},"end":{"line":42,"column":34}},"type":"binary-expr","locations":[{"start":{"line":42,"column":16},"end":{"line":42,"column":28}},{"start":{"line":42,"column":32},"end":{"line":42,"column":34}}]},"11":{"loc":{"start":{"line":43,"column":15},"end":{"line":43,"column":32}},"type":"binary-expr","locations":[{"start":{"line":43,"column":15},"end":{"line":43,"column":26}},{"start":{"line":43,"column":30},"end":{"line":43,"column":32}}]},"12":{"loc":{"start":{"line":50,"column":11},"end":{"line":50,"column":26}},"type":"binary-expr","locations":[{"start":{"line":50,"column":11},"end":{"line":50,"column":20}},{"start":{"line":50,"column":24},"end":{"line":50,"column":26}}]},"13":{"loc":{"start":{"line":51,"column":13},"end":{"line":51,"column":30}},"type":"binary-expr","locations":[{"start":{"line":51,"column":13},"end":{"line":51,"column":24}},{"start":{"line":51,"column":28},"end":{"line":51,"column":30}}]}},"s":{"0":0,"1":0,"2":0,"3":0,"4":0,"5":0,"6":0,"7":0,"8":0,"9":2,"10":0,"11":0,"12":0,"13":0,"14":0,"15":0,"16":0,"17":0,"18":2},"f":{"0":0,"1":0,"2":0,"3":0,"4":0,"5":0,"6":0,"7":0},"b":{"0":[0],"1":[0,0],"2":[0,0],"3":[0,0],"4":[0,0],"5":[0,0],"6":[0,0],"7":[0,0],"8":[0,0],"9":[0,0],"10":[0,0],"11":[0,0],"12":[0,0],"13":[0,0]}}
,"/Users/derek/codebase/acs-next-api/app/api/rider/mock-data.ts": {"path":"/Users/derek/codebase/acs-next-api/app/api/rider/mock-data.ts","statementMap":{"0":{"start":{"line":3,"column":13},"end":{"line":34,"column":2}},"1":{"start":{"line":36,"column":13},"end":{"line":49,"column":2}},"2":{"start":{"line":51,"column":13},"end":{"line":196,"column":2}}},"fnMap":{},"branchMap":{},"s":{"0":2,"1":2,"2":2},"f":{},"b":{}}
,"/Users/derek/codebase/acs-next-api/app/api/rider/route.ts": {"path":"/Users/derek/codebase/acs-next-api/app/api/rider/route.ts","statementMap":{"0":{"start":{"line":5,"column":0},"end":{"line":5,"column":22}},"1":{"start":{"line":2,"column":0},"end":{"line":2,"column":52}},"2":{"start":{"line":3,"column":0},"end":{"line":3,"column":61}},"3":{"start":{"line":6,"column":18},"end":{"line":6,"column":41}},"4":{"start":{"line":8,"column":2},"end":{"line":10,"column":3}},"5":{"start":{"line":9,"column":4},"end":{"line":9,"column":19}},"6":{"start":{"line":12,"column":19},"end":{"line":12,"column":51}},"7":{"start":{"line":13,"column":2},"end":{"line":13,"column":68}},"8":{"start":{"line":13,"column":34},"end":{"line":13,"column":66}},"9":{"start":{"line":15,"column":2},"end":{"line":15,"column":18}}},"fnMap":{"0":{"name":"GET","decl":{"start":{"line":5,"column":22},"end":{"line":5,"column":25}},"loc":{"start":{"line":5,"column":46},"end":{"line":16,"column":null}}},"1":{"name":"(anonymous_10)","decl":{"start":{"line":13,"column":18},"end":{"line":13,"column":19}},"loc":{"start":{"line":13,"column":34},"end":{"line":13,"column":66}}}},"branchMap":{"0":{"loc":{"start":{"line":8,"column":2},"end":{"line":10,"column":3}},"type":"if","locations":[{"start":{"line":8,"column":2},"end":{"line":10,"column":3}}]}},"s":{"0":1,"1":1,"2":1,"3":2,"4":2,"5":0,"6":2,"7":2,"8":6,"9":2},"f":{"0":2,"1":6},"b":{"0":[0]}}
,"/Users/derek/codebase/acs-next-api/app/api/rider/[id]/route.ts": {"path":"/Users/derek/codebase/acs-next-api/app/api/rider/[id]/route.ts","statementMap":{"0":{"start":{"line":11,"column":0},"end":{"line":11,"column":22}},"1":{"start":{"line":1,"column":0},"end":{"line":1,"column":56}},"2":{"start":{"line":2,"column":0},"end":{"line":2,"column":52}},"3":{"start":{"line":15,"column":18},"end":{"line":15,"column":41}},"4":{"start":{"line":17,"column":2},"end":{"line":19,"column":3}},"5":{"start":{"line":18,"column":4},"end":{"line":18,"column":19}},"6":{"start":{"line":21,"column":19},"end":{"line":21,"column":46}},"7":{"start":{"line":22,"column":2},"end":{"line":22,"column":68}},"8":{"start":{"line":22,"column":34},"end":{"line":22,"column":66}},"9":{"start":{"line":24,"column":2},"end":{"line":24,"column":18}}},"fnMap":{"0":{"name":"GET","decl":{"start":{"line":11,"column":22},"end":{"line":11,"column":25}},"loc":{"start":{"line":13,"column":34},"end":{"line":25,"column":null}}},"1":{"name":"(anonymous_10)","decl":{"start":{"line":22,"column":18},"end":{"line":22,"column":19}},"loc":{"start":{"line":22,"column":34},"end":{"line":22,"column":66}}}},"branchMap":{"0":{"loc":{"start":{"line":17,"column":2},"end":{"line":19,"column":3}},"type":"if","locations":[{"start":{"line":17,"column":2},"end":{"line":19,"column":3}}]}},"s":{"0":1,"1":1,"2":1,"3":3,"4":3,"5":0,"6":3,"7":3,"8":9,"9":3},"f":{"0":3,"1":9},"b":{"0":[0]}}
,"/Users/derek/codebase/acs-next-api/prisma/client.ts": {"path":"/Users/derek/codebase/acs-next-api/prisma/client.ts","statementMap":{"0":{"start":{"line":1,"column":0},"end":{"line":1,"column":73}},"1":{"start":{"line":2,"column":0},"end":{"line":2,"column":46}},"2":{"start":{"line":5,"column":21},"end":{"line":5,"column":60}},"3":{"start":{"line":7,"column":0},"end":{"line":9,"column":1}},"4":{"start":{"line":8,"column":2},"end":{"line":8,"column":35}},"5":{"start":{"line":12,"column":23},"end":{"line":12,"column":61}},"6":{"start":{"line":14,"column":0},"end":{"line":14,"column":30}}},"fnMap":{},"branchMap":{"0":{"loc":{"start":{"line":5,"column":21},"end":{"line":5,"column":60}},"type":"binary-expr","locations":[{"start":{"line":5,"column":21},"end":{"line":5,"column":38}},{"start":{"line":5,"column":42},"end":{"line":5,"column":60}}]},"1":{"loc":{"start":{"line":7,"column":0},"end":{"line":9,"column":1}},"type":"if","locations":[{"start":{"line":7,"column":0},"end":{"line":9,"column":1}}]}},"s":{"0":2,"1":2,"2":2,"3":2,"4":2,"5":2,"6":2},"f":{},"b":{"0":[2,2],"1":[2]}}
}
