TN:
SF:app/_controllers/rider/index.ts
FN:8,getMultipleRiders
FN:34,getRiderById
FNF:2
FNH:0
FNDA:0,getMultipleRiders
FNDA:0,getRiderById
DA:1,2
DA:2,2
DA:4,2
DA:5,2
DA:8,2
DA:11,0
DA:12,0
DA:14,0
DA:21,0
DA:22,0
DA:23,0
DA:25,0
DA:27,0
DA:34,2
DA:37,0
DA:38,0
DA:39,0
DA:41,0
DA:42,0
DA:43,0
DA:45,0
DA:46,0
DA:49,0
DA:51,0
DA:52,0
LF:25
LH:6
BRDA:15,0,0,0
BRDA:15,0,1,0
BRDA:16,1,0,0
BRDA:16,1,1,0
BRDA:17,2,0,0
BRDA:17,2,1,0
BRDA:18,3,0,0
BRDA:18,3,1,0
BRDA:45,4,0,0
BRF:9
BRH:0
end_of_record
TN:
SF:app/_daos/rider/index.ts
FN:11,(anonymous_8)
FN:21,(anonymous_9)
FN:22,(anonymous_10)
FN:23,(anonymous_11)
FN:28,(anonymous_12)
FN:29,(anonymous_13)
FN:55,(anonymous_14)
FN:84,(anonymous_16)
FN:38,_RiderDAO_buildWhereClause
FN:41,(anonymous_19)
FNF:10
FNH:0
FNDA:0,(anonymous_8)
FNDA:0,(anonymous_9)
FNDA:0,(anonymous_10)
FNDA:0,(anonymous_11)
FNDA:0,(anonymous_12)
FNDA:0,(anonymous_13)
FNDA:0,(anonymous_14)
FNDA:0,(anonymous_16)
FNDA:0,_RiderDAO_buildWhereClause
FNDA:0,(anonymous_19)
DA:9,2
DA:11,0
DA:14,0
DA:21,0
DA:22,0
DA:23,0
DA:28,0
DA:29,0
DA:38,2
DA:39,0
DA:41,0
DA:42,0
DA:43,0
DA:45,0
DA:46,0
DA:47,0
DA:51,0
DA:56,0
DA:57,0
DA:75,0
DA:76,0
DA:78,0
DA:79,0
DA:85,0
DA:86,0
DA:104,0
DA:106,0
DA:107,0
LF:28
LH:2
BRDA:45,0,0,0
BRDA:45,1,0,0
BRDA:45,1,1,0
BRF:3
BRH:0
end_of_record
TN:
SF:app/_interfaces/IDatabaseClient.ts
FN:11,(anonymous_0)
FN:13,(anonymous_1)
FN:15,(anonymous_2)
FN:17,(anonymous_3)
FN:22,(anonymous_4)
FN:24,(anonymous_5)
FN:26,(anonymous_6)
FNF:7
FNH:1
FNDA:2,(anonymous_0)
FNDA:0,(anonymous_1)
FNDA:0,(anonymous_2)
FNDA:0,(anonymous_3)
FNDA:0,(anonymous_4)
FNDA:0,(anonymous_5)
FNDA:0,(anonymous_6)
DA:10,2
DA:11,2
DA:14,0
DA:16,0
DA:18,0
DA:23,0
DA:25,0
DA:26,0
LF:8
LH:2
BRF:0
BRH:0
end_of_record
TN:
SF:app/_middleware/cors.ts
FN:3,corsMiddleware
FNF:1
FNH:1
FNDA:5,corsMiddleware
DA:1,2
DA:3,2
DA:4,5
DA:5,5
DA:6,5
DA:7,5
DA:10,5
DA:11,0
DA:14,5
LF:9
LH:8
BRDA:1,0,0,2
BRDA:1,0,1,1
BRDA:10,1,0,0
BRF:3
BRH:2
end_of_record
TN:
SF:app/_services/rider/index.ts
FN:12,(anonymous_8)
FN:65,(anonymous_9)
FN:70,(anonymous_11)
FN:17,_RiderService_buildRiderTeam
FN:18,(anonymous_14)
FN:27,_RiderService_buildRider
FN:55,_RiderService_mapRiders
FN:59,(anonymous_17)
FNF:8
FNH:0
FNDA:0,(anonymous_8)
FNDA:0,(anonymous_9)
FNDA:0,(anonymous_11)
FNDA:0,_RiderService_buildRiderTeam
FNDA:0,(anonymous_14)
FNDA:0,_RiderService_buildRider
FNDA:0,_RiderService_mapRiders
FNDA:0,(anonymous_17)
DA:10,2
DA:12,0
DA:13,0
DA:17,2
DA:18,0
DA:19,0
DA:31,0
DA:32,0
DA:33,0
DA:54,0
DA:59,0
DA:60,0
DA:66,0
DA:67,0
DA:71,0
DA:72,0
DA:73,0
DA:75,0
DA:76,0
LF:19
LH:2
BRDA:72,0,0,0
BRDA:23,1,0,0
BRDA:23,1,1,0
BRDA:24,2,0,0
BRDA:24,2,1,0
BRDA:31,3,0,0
BRDA:31,3,1,0
BRDA:32,4,0,0
BRDA:32,4,1,0
BRDA:32,5,0,0
BRDA:32,5,1,0
BRDA:32,6,0,0
BRDA:32,6,1,0
BRDA:32,7,0,0
BRDA:32,7,1,0
BRDA:37,8,0,0
BRDA:37,8,1,0
BRDA:38,9,0,0
BRDA:38,9,1,0
BRDA:42,10,0,0
BRDA:42,10,1,0
BRDA:43,11,0,0
BRDA:43,11,1,0
BRDA:50,12,0,0
BRDA:50,12,1,0
BRDA:51,13,0,0
BRDA:51,13,1,0
BRF:27
BRH:0
end_of_record
TN:
SF:app/api/rider/mock-data.ts
FNF:0
FNH:0
DA:3,2
DA:36,2
DA:51,2
LF:3
LH:3
BRF:0
BRH:0
end_of_record
TN:
SF:app/api/rider/route.ts
FN:5,GET
FN:13,(anonymous_10)
FNF:2
FNH:2
FNDA:2,GET
FNDA:6,(anonymous_10)
DA:2,1
DA:3,1
DA:5,1
DA:6,2
DA:8,2
DA:9,0
DA:12,2
DA:13,6
DA:15,2
LF:9
LH:8
BRDA:8,0,0,0
BRF:1
BRH:0
end_of_record
TN:
SF:app/api/rider/[id]/route.ts
FN:11,GET
FN:22,(anonymous_10)
FNF:2
FNH:2
FNDA:3,GET
FNDA:9,(anonymous_10)
DA:1,1
DA:2,1
DA:11,1
DA:15,3
DA:17,3
DA:18,0
DA:21,3
DA:22,9
DA:24,3
LF:9
LH:8
BRDA:17,0,0,0
BRF:1
BRH:0
end_of_record
TN:
SF:prisma/client.ts
FNF:0
FNH:0
DA:1,2
DA:2,2
DA:5,2
DA:7,2
DA:8,2
DA:12,2
DA:14,2
LF:7
LH:7
BRDA:5,0,0,2
BRDA:5,0,1,2
BRDA:7,1,0,2
BRF:3
BRH:3
end_of_record
